<?xml version="1.0" encoding="utf-8"?><testsuites name="pytest tests"><testsuite name="pytest" errors="0" failures="0" skipped="0" tests="10" time="1.729" timestamp="2026-06-17T11:36:27.584949+00:00" hostname="agent-env-40a6b67f-b82e-45fd-99e1-ed8dae16b77f"><testcase classname="backend.tests.test_movent.TestDashboardMetrics" name="test_dashboard_metrics_status" time="0.268" /><testcase classname="backend.tests.test_movent.TestDashboardMetrics" name="test_dashboard_metrics_data" time="0.130" /><testcase classname="backend.tests.test_movent.TestDashboardMetrics" name="test_intervention_log_columns" time="0.094" /><testcase classname="backend.tests.test_movent.TestDashboardMetrics" name="test_outcome_values" time="0.101" /><testcase classname="backend.tests.test_movent.TestAnalyzeMoment" name="test_analyze_moment_status" time="0.248" /><testcase classname="backend.tests.test_movent.TestAnalyzeMoment" name="test_analyze_moment_response_structure" time="0.185" /><testcase classname="backend.tests.test_movent.TestAnalyzeMoment" name="test_analyze_moment_source_field" time="0.223" /><testcase classname="backend.tests.test_movent.TestAnalyzeMoment" name="test_analyze_moment_recommendation_values" time="0.214" /><testcase classname="backend.tests.test_movent.TestApproveIntervention" name="test_approve_intervention_status" time="0.105" /><testcase classname="backend.tests.test_movent.TestApproveIntervention" name="test_approve_intervention_success" time="0.097" /></testsuite></testsuites>